<?xml version="1.0" encoding="UTF-8"?>
<testng-results ignored="0" total="5" passed="5" failed="0" skipped="0">
  <reporter-output>
  </reporter-output>
  <suite started-at="2023-06-30T12:50:54 IST" name="Default suite" finished-at="2023-06-30T12:51:02 IST" duration-ms="7699">
    <groups>
    </groups>
    <test started-at="2023-06-30T12:50:54 IST" name="Default test" finished-at="2023-06-30T12:51:02 IST" duration-ms="7699">
      <class name="com.apitest.Git">
        <test-method is-config="true" signature="beforeMethod()[pri:0, instance:com.apitest.Git@550dbc7a]" started-at="2023-06-30T12:50:55 IST" name="beforeMethod" finished-at="2023-06-30T12:50:55 IST" duration-ms="558" status="PASS">
          <reporter-output>
          </reporter-output>
        </test-method> <!-- beforeMethod -->
        <test-method signature="getUser()[pri:0, instance:com.apitest.Git@550dbc7a]" started-at="2023-06-30T12:50:55 IST" name="getUser" finished-at="2023-06-30T12:50:59 IST" duration-ms="3749" status="PASS">
          <reporter-output>
          </reporter-output>
        </test-method> <!-- getUser -->
        <test-method is-config="true" signature="beforeMethod()[pri:0, instance:com.apitest.Git@550dbc7a]" started-at="2023-06-30T12:50:59 IST" name="beforeMethod" finished-at="2023-06-30T12:50:59 IST" duration-ms="1" status="PASS">
          <reporter-output>
          </reporter-output>
        </test-method> <!-- beforeMethod -->
        <test-method signature="getRepo()[pri:1, instance:com.apitest.Git@550dbc7a]" started-at="2023-06-30T12:50:59 IST" name="getRepo" finished-at="2023-06-30T12:50:59 IST" duration-ms="573" status="PASS">
          <reporter-output>
          </reporter-output>
        </test-method> <!-- getRepo -->
        <test-method is-config="true" signature="beforeMethod()[pri:0, instance:com.apitest.Git@550dbc7a]" started-at="2023-06-30T12:50:59 IST" name="beforeMethod" finished-at="2023-06-30T12:50:59 IST" duration-ms="2" status="PASS">
          <reporter-output>
          </reporter-output>
        </test-method> <!-- beforeMethod -->
        <test-method signature="create()[pri:2, instance:com.apitest.Git@550dbc7a]" started-at="2023-06-30T12:50:59 IST" name="create" finished-at="2023-06-30T12:51:01 IST" duration-ms="1370" status="PASS">
          <reporter-output>
          </reporter-output>
        </test-method> <!-- create -->
        <test-method is-config="true" signature="beforeMethod()[pri:0, instance:com.apitest.Git@550dbc7a]" started-at="2023-06-30T12:51:01 IST" name="beforeMethod" finished-at="2023-06-30T12:51:01 IST" duration-ms="1" status="PASS">
          <reporter-output>
          </reporter-output>
        </test-method> <!-- beforeMethod -->
        <test-method signature="update()[pri:3, instance:com.apitest.Git@550dbc7a]" started-at="2023-06-30T12:51:01 IST" name="update" finished-at="2023-06-30T12:51:02 IST" duration-ms="738" status="PASS">
          <reporter-output>
          </reporter-output>
        </test-method> <!-- update -->
        <test-method is-config="true" signature="beforeMethod()[pri:0, instance:com.apitest.Git@550dbc7a]" started-at="2023-06-30T12:51:02 IST" name="beforeMethod" finished-at="2023-06-30T12:51:02 IST" duration-ms="4" status="PASS">
          <reporter-output>
          </reporter-output>
        </test-method> <!-- beforeMethod -->
        <test-method signature="delete()[pri:4, instance:com.apitest.Git@550dbc7a]" started-at="2023-06-30T12:51:02 IST" name="delete" finished-at="2023-06-30T12:51:02 IST" duration-ms="573" status="PASS">
          <reporter-output>
          </reporter-output>
        </test-method> <!-- delete -->
      </class> <!-- com.apitest.Git -->
    </test> <!-- Default test -->
  </suite> <!-- Default suite -->
</testng-results>
