<?xml version="1.0" encoding="UTF-8"?>
<testng-results ignored="0" total="1" passed="1" failed="0" skipped="0">
  <reporter-output>
  </reporter-output>
  <suite started-at="2023-06-30T10:31:24 IST" name="Default suite" finished-at="2023-06-30T10:31:27 IST" duration-ms="3060">
    <groups>
    </groups>
    <test started-at="2023-06-30T10:31:24 IST" name="Default test" finished-at="2023-06-30T10:31:27 IST" duration-ms="3060">
      <class name="com.apitest.Git">
        <test-method is-config="true" signature="beforeMethod()[pri:0, instance:com.apitest.Git@437da279]" started-at="2023-06-30T10:31:24 IST" name="beforeMethod" finished-at="2023-06-30T10:31:25 IST" duration-ms="523" status="PASS">
          <reporter-output>
          </reporter-output>
        </test-method> <!-- beforeMethod -->
        <test-method signature="delete()[pri:4, instance:com.apitest.Git@437da279]" started-at="2023-06-30T10:31:25 IST" name="delete" finished-at="2023-06-30T10:31:27 IST" duration-ms="2444" status="PASS">
          <reporter-output>
          </reporter-output>
        </test-method> <!-- delete -->
      </class> <!-- com.apitest.Git -->
    </test> <!-- Default test -->
  </suite> <!-- Default suite -->
</testng-results>
