<?xml version="1.0" encoding="UTF-8"?>
<!-- Generated by org.testng.reporters.JUnitXMLReporter -->
<testsuite ignored="0" hostname="TVDI-040" failures="0" tests="5" name="Default test" time="7.699" errors="0" timestamp="2023-06-30T12:51:02 IST">
  <testcase classname="com.apitest.Git" name="getUser" time="3.749"/>
  <testcase classname="com.apitest.Git" name="getRepo" time="0.573"/>
  <testcase classname="com.apitest.Git" name="create" time="1.37"/>
  <testcase classname="com.apitest.Git" name="update" time="0.738"/>
  <testcase classname="com.apitest.Git" name="delete" time="0.573"/>
</testsuite> <!-- Default test -->
