<?xml version="1.0" encoding="UTF-8"?>
<!-- Generated by org.testng.reporters.JUnitXMLReporter -->
<testsuite ignored="4" hostname="TVDI-040" failures="0" tests="1" name="Default test" time="3.06" errors="0" timestamp="2023-06-30T10:31:27 IST">
  <testcase classname="com.apitest.Git" name="delete" time="2.444"/>
  <testcase classname="com.apitest.Git" name="create" time="0.0">
    <ignored/>
  </testcase> <!-- create -->
  <testcase classname="com.apitest.Git" name="getRepo" time="0.0">
    <ignored/>
  </testcase> <!-- getRepo -->
  <testcase classname="com.apitest.Git" name="getUser" time="0.0">
    <ignored/>
  </testcase> <!-- getUser -->
  <testcase classname="com.apitest.Git" name="update" time="0.0">
    <ignored/>
  </testcase> <!-- update -->
</testsuite> <!-- Default test -->
